# JRE version: Java(TM) SE Runtime Environment 18.9 (11.0.11+9) (build 11.0.11+9-LTS-194)
# Java VM: Java HotSpot(TM) 64-Bit Server VM 18.9 (11.0.11+9-LTS-194, mixed mode, tiered, compressed oops, g1 gc, windows-amd64)
Heap:
 garbage-first heap   total 262144K, used 43734K [0x0000000700e00000, 0x0000000800000000)
  region size 1024K, 37 young (37888K), 4 survivors (4096K)
 Metaspace       used 26098K, capacity 27124K, committed 27392K, reserved 1073152K
  class space    used 3290K, capacity 3732K, committed 3840K, reserved 1048576K
GC Heap History (10 events):
Event: 0.681 GC heap before
{Heap before GC invocations=0 (full 0):
 garbage-first heap   total 262144K, used 23552K [0x0000000700e00000, 0x0000000800000000)
  region size 1024K, 24 young (24576K), 0 survivors (0K)
 Metaspace       used 11925K, capacity 12271K, committed 12544K, reserved 1060864K
  class space    used 1294K, capacity 1444K, committed 1536K, reserved 1048576K
}
Event: 0.684 GC heap after
{Heap after GC invocations=1 (full 0):
 garbage-first heap   total 262144K, used 2771K [0x0000000700e00000, 0x0000000800000000)
  region size 1024K, 3 young (3072K), 3 survivors (3072K)
 Metaspace       used 11925K, capacity 12271K, committed 12544K, reserved 1060864K
  class space    used 1294K, capacity 1444K, committed 1536K, reserved 1048576K
}
Event: 1.119 GC heap before
{Heap before GC invocations=1 (full 0):
 garbage-first heap   total 262144K, used 32467K [0x0000000700e00000, 0x0000000800000000)
  region size 1024K, 33 young (33792K), 3 survivors (3072K)
 Metaspace       used 20395K, capacity 21065K, committed 21248K, reserved 1067008K
  class space    used 2624K, capacity 2948K, committed 3072K, reserved 1048576K
}
Event: 1.126 GC heap after
{Heap after GC invocations=2 (full 0):
 garbage-first heap   total 262144K, used 6523K [0x0000000700e00000, 0x0000000800000000)
  region size 1024K, 7 young (7168K), 7 survivors (7168K)
 Metaspace       used 20395K, capacity 21065K, committed 21248K, reserved 1067008K
  class space    used 2624K, capacity 2948K, committed 3072K, reserved 1048576K
}
Event: 43.509 GC heap before
{Heap before GC invocations=3 (full 0):
 garbage-first heap   total 262144K, used 52603K [0x0000000700e00000, 0x0000000800000000)
  region size 1024K, 51 young (52224K), 7 survivors (7168K)
 Metaspace       used 25932K, capacity 26990K, committed 27136K, reserved 1073152K
  class space    used 3289K, capacity 3732K, committed 3840K, reserved 1048576K
}
Event: 43.519 GC heap after
{Heap after GC invocations=4 (full 0):
 garbage-first heap   total 262144K, used 11482K [0x0000000700e00000, 0x0000000800000000)
  region size 1024K, 7 young (7168K), 7 survivors (7168K)
 Metaspace       used 25932K, capacity 26990K, committed 27136K, reserved 1073152K
  class space    used 3289K, capacity 3732K, committed 3840K, reserved 1048576K
}
Event: 65.635 GC heap before
{Heap before GC invocations=4 (full 0):
 garbage-first heap   total 262144K, used 100570K [0x0000000700e00000, 0x0000000800000000)
  region size 1024K, 94 young (96256K), 7 survivors (7168K)
 Metaspace       used 26055K, capacity 27124K, committed 27392K, reserved 1073152K
  class space    used 3290K, capacity 3732K, committed 3840K, reserved 1048576K
}
Event: 65.641 GC heap after
{Heap after GC invocations=5 (full 0):
 garbage-first heap   total 262144K, used 12200K [0x0000000700e00000, 0x0000000800000000)
  region size 1024K, 4 young (4096K), 4 survivors (4096K)
 Metaspace       used 26055K, capacity 27124K, committed 27392K, reserved 1073152K
  class space    used 3290K, capacity 3732K, committed 3840K, reserved 1048576K
}
Event: 87.855 GC heap before
{Heap before GC invocations=5 (full 0):
 garbage-first heap   total 262144K, used 143272K [0x0000000700e00000, 0x0000000800000000)
  region size 1024K, 133 young (136192K), 4 survivors (4096K)
 Metaspace       used 26089K, capacity 27124K, committed 27392K, reserved 1073152K
  class space    used 3290K, capacity 3732K, committed 3840K, reserved 1048576K
}
Event: 87.858 GC heap after
{Heap after GC invocations=6 (full 0):
 garbage-first heap   total 262144K, used 11990K [0x0000000700e00000, 0x0000000800000000)
  region size 1024K, 4 young (4096K), 4 survivors (4096K)
 Metaspace       used 26089K, capacity 27124K, committed 27392K, reserved 1073152K
  class space    used 3290K, capacity 3732K, committed 3840K, reserved 1048576K
}

