# JRE version: Java(TM) SE Runtime Environment 18.9 (11.0.11+9) (build 11.0.11+9-LTS-194)
# Java VM: Java HotSpot(TM) 64-Bit Server VM 18.9 (11.0.11+9-LTS-194, mixed mode, tiered, compressed oops, g1 gc, windows-amd64)
Heap:
 garbage-first heap   total 524288K, used 27949K [0x00000000c0000000, 0x0000000100000000)
  region size 1024K, 10 young (10240K), 8 survivors (8192K)
 Metaspace       used 35083K, capacity 35943K, committed 36144K, reserved 1081344K
  class space    used 3847K, capacity 4139K, committed 4224K, reserved 1048576K
GC Heap History (8 events):
Event: 0.451 GC heap before
{Heap before GC invocations=0 (full 0):
 garbage-first heap   total 524288K, used 25600K [0x00000000c0000000, 0x0000000100000000)
  region size 1024K, 25 young (25600K), 0 survivors (0K)
 Metaspace       used 12552K, capacity 12725K, committed 12928K, reserved 1060864K
  class space    used 1268K, capacity 1348K, committed 1408K, reserved 1048576K
}
Event: 0.456 GC heap after
{Heap after GC invocations=1 (full 0):
 garbage-first heap   total 524288K, used 3504K [0x00000000c0000000, 0x0000000100000000)
  region size 1024K, 4 young (4096K), 4 survivors (4096K)
 Metaspace       used 12552K, capacity 12725K, committed 12928K, reserved 1060864K
  class space    used 1268K, capacity 1348K, committed 1408K, reserved 1048576K
}
Event: 1.597 GC heap before
{Heap before GC invocations=1 (full 0):
 garbage-first heap   total 524288K, used 61872K [0x00000000c0000000, 0x0000000100000000)
  region size 1024K, 62 young (63488K), 4 survivors (4096K)
 Metaspace       used 20748K, capacity 21125K, committed 21296K, reserved 1069056K
  class space    used 2221K, capacity 2319K, committed 2432K, reserved 1048576K
}
Event: 1.604 GC heap after
{Heap after GC invocations=2 (full 0):
 garbage-first heap   total 524288K, used 6720K [0x00000000c0000000, 0x0000000100000000)
  region size 1024K, 7 young (7168K), 7 survivors (7168K)
 Metaspace       used 20748K, capacity 21125K, committed 21296K, reserved 1069056K
  class space    used 2221K, capacity 2319K, committed 2432K, reserved 1048576K
}
Event: 2.521 GC heap before
{Heap before GC invocations=3 (full 0):
 garbage-first heap   total 524288K, used 82496K [0x00000000c0000000, 0x0000000100000000)
  region size 1024K, 79 young (80896K), 7 survivors (7168K)
 Metaspace       used 31362K, capacity 32020K, committed 32304K, reserved 1077248K
  class space    used 3409K, capacity 3618K, committed 3712K, reserved 1048576K
}
Event: 2.534 GC heap after
{Heap after GC invocations=4 (full 0):
 garbage-first heap   total 524288K, used 20240K [0x00000000c0000000, 0x0000000100000000)
  region size 1024K, 10 young (10240K), 10 survivors (10240K)
 Metaspace       used 31362K, capacity 32020K, committed 32304K, reserved 1077248K
  class space    used 3409K, capacity 3618K, committed 3712K, reserved 1048576K
}
Event: 3.147 GC heap before
{Heap before GC invocations=4 (full 0):
 garbage-first heap   total 524288K, used 92944K [0x00000000c0000000, 0x0000000100000000)
  region size 1024K, 81 young (82944K), 10 survivors (10240K)
 Metaspace       used 34985K, capacity 35788K, committed 35888K, reserved 1081344K
  class space    used 3833K, capacity 4127K, committed 4224K, reserved 1048576K
}
Event: 3.157 GC heap after
{Heap after GC invocations=5 (full 0):
 garbage-first heap   total 524288K, used 29997K [0x00000000c0000000, 0x0000000100000000)
  region size 1024K, 8 young (8192K), 8 survivors (8192K)
 Metaspace       used 34985K, capacity 35788K, committed 35888K, reserved 1081344K
  class space    used 3833K, capacity 4127K, committed 4224K, reserved 1048576K
}

